src/components/common/Admin/SideBar.tsx(15,3): error TS6133: 'MessageCircle' is declared but its value is never read.
src/components/common/Parents/ParentsSidebar.tsx(7,3): error TS6133: 'ClipboardList' is declared but its value is never read.
src/components/common/Parents/ParentsSidebar.tsx(12,3): error TS6133: 'BookOpen' is declared but its value is never read.
src/components/common/Parents/ParentsSidebar.tsx(13,3): error TS6133: 'Clock' is declared but its value is never read.
src/components/common/Parents/ParentsSidebar.tsx(23,3): error TS6133: 'Brain' is declared but its value is never read.
src/components/common/Student/StudentSideBar.tsx(12,3): error TS6133: 'CreditCard' is declared but its value is never read.
src/components/common/Welcome.tsx(7,3): error TS6133: 'ArrowRight' is declared but its value is never read.
src/components/common/Welcome.tsx(12,3): error TS6133: 'Play' is declared but its value is never read.
src/components/common/Welcome.tsx(16,3): error TS6133: 'Rocket' is declared but its value is never read.
src/components/common/Welcome.tsx(35,10): error TS6133: 'mousePosition' is declared but its value is never read.
src/components/Form/AdminManagement/AdminForm.tsx(36,9): error TS6133: 'bgInput' is declared but its value is never read.
src/components/Form/InstituteProfile/InstituteProfiletInfo.tsx(32,3): error TS6133: 'logo' is declared but its value is never read.
src/components/Form/SelectInput.tsx(25,3): error TS6133: 'disabled' is declared but its value is never read.
src/components/Form/Student/StudentInfoProps.tsx(28,3): error TS6133: 'photos' is declared but its value is never read.
src/components/Form/Student/StudentInfoProps.tsx(29,3): error TS6133: 'setPhotos' is declared but its value is never read.
src/components/Form/Student/StudentInfoProps.tsx(30,3): error TS6133: 'photoPreviews' is declared but its value is never read.
src/components/Form/Student/StudentInfoProps.tsx(31,3): error TS6133: 'setPhotoPreviews' is declared but its value is never read.
src/components/Form/Student/StudentInfoProps.tsx(33,3): error TS6133: 'handleRemovePhoto' is declared but its value is never read.
src/components/layout/Layout.tsx(5,11): error TS2559: Type '{ children: Element; }' has no properties in common with type 'IntrinsicAttributes'.
src/components/video-meeting/MeetingChat.tsx(30,5): error TS6133: 'isDark' is declared but its value is never read.
src/features/auth/Signup.tsx(50,13): error TS6133: 'res' is declared but its value is never read.
src/pages/admin/AdminProfileManagement.tsx(50,10): error TS6133: 'designation' is declared but its value is never read.
src/pages/admin/AdminProfileManagement.tsx(51,10): error TS6133: 'department' is declared but its value is never read.
src/pages/admin/AdminProfileManagement.tsx(73,9): error TS6133: 'buttonPrimaryClass' is declared but its value is never read.
src/pages/admin/Announcement/AnnouncementListOut.tsx(1,8): error TS6133: 'React' is declared but its value is never read.
src/pages/admin/ClassBaseStudentList.tsx(7,3): error TS6133: 'UpdateClass' is declared but its value is never read.
src/pages/admin/ClassBaseStudentList.tsx(48,10): error TS6133: 'students' is declared but its value is never read.
src/pages/admin/ClassBaseStudentList.tsx(58,10): error TS6133: 'editingClassName' is declared but its value is never read.
src/pages/admin/ClassBaseStudentList.tsx(58,28): error TS6133: 'setEditingClassName' is declared but its value is never read.
src/pages/admin/ClassBaseStudentList.tsx(144,9): error TS6133: 'assignStudent' is declared but its value is never read.
src/pages/admin/FeeTypeCreate.tsx(56,9): error TS6133: 'textPrimary' is declared but its value is never read.
src/pages/admin/FinanceReport/ExpenseGenarateReport.tsx(1,8): error TS6133: 'React' is declared but its value is never read.
src/pages/admin/ListOutFullExpense.tsx(1,8): error TS6133: 'React' is declared but its value is never read.
src/pages/admin/StudentList.tsx(178,9): error TS6133: 'handleAddStudent' is declared but its value is never read.
src/pages/admin/StudentManagement.tsx(31,10): error TS6133: 'loading' is declared but its value is never read.
src/pages/admin/StudentManagement.tsx(137,52): error TS2345: Argument of type 'string' is not assignable to parameter of type 'Date'.
src/pages/admin/StudentManagement.tsx(148,26): error TS6133: 'newStudent' is declared but its value is never read.
src/pages/admin/SuperAdminApproval.tsx(110,8): error TS6133: 'React' is declared but its value is never read.
src/pages/admin/SuperAdminApproval.tsx(111,47): error TS6133: 'Pendingstatuslist' is declared but its value is never read.
src/pages/admin/SuperAdminApproval.tsx(180,13): error TS6133: 'res' is declared but its value is never read.
src/pages/admin/TeacherManagement.tsx(47,10): error TS6133: 'isMobile' is declared but its value is never read.
src/pages/common/VideoMeeting.tsx(69,12): error TS6133: 'isWaiting' is declared but its value is never read.
src/pages/common/VideoMeeting.tsx(87,12): error TS6133: 'showParticipantsList' is declared but its value is never read.
src/pages/common/VideoMeeting.tsx(87,34): error TS6133: 'setShowParticipantsList' is declared but its value is never read.
src/pages/Parents/ParentDashboard.tsx(1,8): error TS6133: 'React' is declared but its value is never read.
src/pages/Parents/ParentDashboard.tsx(194,64): error TS6133: 'entry' is declared but its value is never read.
src/pages/Parents/ParentFinancePage.tsx(2,8): error TS6133: 'React' is declared but its value is never read.
src/pages/Parents/ParentFinancePage.tsx(240,13): error TS2345: Argument of type 'string | null' is not assignable to parameter of type 'string'.
  Type 'null' is not assignable to type 'string'.
src/pages/Parents/ParentLeavePage.tsx(7,1): error TS6133: 'CreateLeaveDTO' is declared but its value is never read.
src/pages/Parents/ParentProfile.tsx(8,3): error TS6133: 'Phone' is declared but its value is never read.
src/pages/Parents/ParentProfile.tsx(9,3): error TS6133: 'Mail' is declared but its value is never read.
src/pages/Parents/ParentProfile.tsx(12,3): error TS6133: 'Calendar' is declared but its value is never read.
src/pages/Parents/ParentProfile.tsx(13,3): error TS6133: 'Users' is declared but its value is never read.
src/pages/Student/StudentProfile.tsx(38,9): error TS6133: 'studentId' is declared but its value is never read.
src/pages/Teacher/AttendanceCreate.tsx(2,27): error TS6133: 'updateAttendance' is declared but its value is never read.
src/pages/Teacher/AttendanceCreatePage.tsx(1,8): error TS6133: 'React' is declared but its value is never read.
src/pages/Teacher/AttendanceCreatePage.tsx(17,10): error TS6133: 'summary' is declared but its value is never read.
src/pages/Teacher/Chat/CreateGroupModal.tsx(1,8): error TS6133: 'React' is declared but its value is never read.
src/pages/Teacher/Chat/NewChatModal.tsx(1,8): error TS6133: 'React' is declared but its value is never read.
src/pages/Teacher/Chat/TeacherChatWindow.tsx(3,27): error TS6133: 'MoreVertical' is declared but its value is never read.
src/pages/Teacher/Class/TeacherMyClass.tsx(176,67): error TS6133: 'index' is declared but its value is never read.
src/pages/Teacher/LeaveManagement/TeacherStudentLeavePage.tsx(5,39): error TS6133: 'AlertCircle' is declared but its value is never read.
src/pages/Teacher/TeacherDashboard.tsx(3,10): error TS6133: 'User' is declared but its value is never read.
src/pages/Teacher/TeacherDashboard.tsx(3,26): error TS6133: 'Clock' is declared but its value is never read.
src/pages/Teacher/TeacherDashboard.tsx(3,33): error TS6133: 'Calendar' is declared but its value is never read.
src/pages/Teacher/TeacherDashboard.tsx(3,43): error TS6133: 'TrendingUp' is declared but its value is never read.
src/pages/Teacher/TeacherDashboard.tsx(3,55): error TS6133: 'Users' is declared but its value is never read.
src/pages/Teacher/TeacherParentList.tsx(3,46): error TS6133: 'Users' is declared but its value is never read.
src/pages/Teacher/TeacherScheduleView.tsx(108,11): error TS6133: 'rowsArray' is declared but its value is never read.
src/pages/Teacher/TeacherScheduleView.tsx(241,53): error TS6133: 'rowIndex' is declared but its value is never read.
src/services/authapi.ts(8,1): error TS6133: 'CreateAnnouncementDTO' is declared but its value is never read.
src/services/Student/StudentApi.ts(2,1): error TS6133: 'API_ROUTES' is declared but its value is never read.
src/types/AdminProfileManage.ts(13,11): error TS6196: 'GetProfileResponse' is declared but never used.
