src/applications/interface/RepositoryInterface/Admin/ITimeTableCreate.ts(1,33): error TS2307: Cannot find module '../../entities/TimeTableEntity' or its corresponding type declarations.
src/applications/interface/RepositoryInterface/Admin/ITimeTableCreate.ts(2,36): error TS2307: Cannot find module '../../../applications/dto/CreateTImeTableDTO' or its corresponding type declarations.
src/applications/interface/RepositoryInterface/Admin/ITimeTableCreate.ts(3,26): error TS2307: Cannot find module '../../entities/Students' or its corresponding type declarations.
src/applications/interface/RepositoryInterface/Admin/ITimeTableCreate.ts(4,41): error TS2307: Cannot find module '../../../applications/dto/TeacherDailyScheduleDTO' or its corresponding type declarations.
src/applications/interface/RepositoryInterface/Chat/IChatRepository.ts(1,26): error TS2307: Cannot find module '../../../infrastructure/database/mongoDB/models/MessageModel' or its corresponding type declarations.
src/applications/interface/RepositoryInterface/Chat/IChatRepository.ts(2,25): error TS2307: Cannot find module '../../entities/Message' or its corresponding type declarations.
src/applications/interface/RepositoryInterface/Chat/IChatRepository.ts(3,30): error TS2307: Cannot find module '../../entities/Conversation' or its corresponding type declarations.
src/applications/interface/RepositoryInterface/Classrepo/IClassDivisionview.ts(1,23): error TS2307: Cannot find module '../../entities/Class' or its corresponding type declarations.
src/applications/interface/RepositoryInterface/Classrepo/IClassRepository.ts(1,23): error TS2307: Cannot find module '../../entities/Class' or its corresponding type declarations.
src/applications/interface/RepositoryInterface/Exam/IExamMarkRepoInterface.ts(1,32): error TS2307: Cannot find module '../../entities/Exam/ExamMarkEntity' or its corresponding type declarations.
src/applications/interface/RepositoryInterface/Exam/IExamRepoInterface.ts(1,28): error TS2307: Cannot find module '../../entities/Exam/ExamEntity' or its corresponding type declarations.
src/applications/interface/RepositoryInterface/StudentLeave/IStudentLeaveRepository.ts(1,36): error TS2307: Cannot find module '../../entities/StudentLeave/StudentLeaveEntity' or its corresponding type declarations.
src/applications/interface/UseCaseInterface/Announcement/IAnnouncementUseCase.ts(2,39): error TS2307: Cannot find module '../../../applications/dto/AnnouncementDTO' or its corresponding type declarations.
src/applications/interface/UseCaseInterface/AssignClassUseCase.ts(1,23): error TS2307: Cannot find module '../../domain/entities/Class' or its corresponding type declarations.
src/applications/interface/UseCaseInterface/FeeStructure/FinanceReport/IExpenseReportRevenueUseCase.ts(1,31): error TS2307: Cannot find module '../../../../applications/dto/FeeDTO/financeReport/ExpenseReport' or its corresponding type declarations.
src/applications/interface/UseCaseInterface/FeeStructure/FinanceReport/IfinanceReport.RevanueUseCase.ts(1,31): error TS2307: Cannot find module '../../../../applications/dto/FeeDTO/financeReport/RevenueReport' or its corresponding type declarations.
src/applications/interface/UseCaseInterface/FeeStructure/IApprovel.ts(4,25): error TS2307: Cannot find module '../../entities/FeeType/Expense' or its corresponding type declarations.
src/applications/interface/UseCaseInterface/IAddressUpdateUseCase.ts(1,31): error TS2307: Cannot find module '../entities/Address' or its corresponding type declarations.
src/applications/interface/UseCaseInterface/IAddStudents.ts(1,26): error TS2307: Cannot find module '../entities/Students' or its corresponding type declarations.
src/applications/interface/UseCaseInterface/IAdminUpdate.ts(1,34): error TS2307: Cannot find module '../entities/SubAdmin' or its corresponding type declarations.
src/applications/interface/UseCaseInterface/IAdminUpdate.ts(2,27): error TS2307: Cannot find module '../enums/AdminRole' or its corresponding type declarations.
src/applications/interface/UseCaseInterface/IBlockSubAdmin.ts(1,34): error TS2307: Cannot find module '../entities/SubAdmin' or its corresponding type declarations.
src/applications/interface/UseCaseInterface/IClassUpdateUseCase.ts(1,23): error TS2307: Cannot find module '../entities/Class' or its corresponding type declarations.
src/applications/interface/UseCaseInterface/ICreateSubAdmin.ts(1,34): error TS2307: Cannot find module '../entities/SubAdmin' or its corresponding type declarations.
src/applications/interface/UseCaseInterface/ICreateSubAdmin.ts(2,27): error TS2307: Cannot find module '../enums/AdminRole' or its corresponding type declarations.
src/applications/interface/UseCaseInterface/IFindStudentsByTeacherUseCase.ts(1,26): error TS2307: Cannot find module '../entities/Students' or its corresponding type declarations.
src/applications/interface/UseCaseInterface/IGetAdmin.ts(1,34): error TS2307: Cannot find module '../../applications/dto/Admin' or its corresponding type declarations.
src/applications/interface/UseCaseInterface/IGetAdminDashboardUseCase.ts(1,35): error TS2307: Cannot find module '../../applications/dto/AdminDashboardDTO' or its corresponding type declarations.
src/applications/interface/UseCaseInterface/IParentCreate.ts(1,30): error TS2307: Cannot find module '../entities/Parents' or its corresponding type declarations.
src/applications/interface/UseCaseInterface/IParentSignupUseCase.ts(1,36): error TS2307: Cannot find module '../entities/ParentSignupEntity' or its corresponding type declarations.
src/applications/interface/UseCaseInterface/IParentUseCase.ts(1,30): error TS2307: Cannot find module '../entities/Parents' or its corresponding type declarations.
src/applications/interface/UseCaseInterface/IStudentBlock.ts(1,26): error TS2307: Cannot find module '../entities/Students' or its corresponding type declarations.
src/applications/interface/UseCaseInterface/IStudentGetUseCase.ts(1,26): error TS2307: Cannot find module '../entities/Students' or its corresponding type declarations.
src/applications/interface/UseCaseInterface/IStudentupdate.ts(1,26): error TS2307: Cannot find module '../entities/Students' or its corresponding type declarations.
src/applications/interface/UseCaseInterface/ISubAdminProfile.ts(1,34): error TS2307: Cannot find module '../entities/SubAdmin' or its corresponding type declarations.
src/applications/interface/UseCaseInterface/IUpdateSubAdminPasswordUseCase.ts(1,34): error TS2307: Cannot find module '../entities/SubAdmin' or its corresponding type declarations.
src/applications/interface/UseCaseInterface/LeaveManagement/ICreateLeaveUseCase.ts(1,32): error TS2307: Cannot find module '../../../applications/dto/LeaveManagement/CreateLeaveManagementDTO' or its corresponding type declarations.
src/applications/interface/UseCaseInterface/LeaveManagement/ICreateLeaveUseCase.ts(2,39): error TS2307: Cannot find module '../../entities/LeaveManagement/LeaveManagementEntity' or its corresponding type declarations.
src/applications/interface/UseCaseInterface/LeaveManagement/IGetAllLeavesUseCase.ts(1,39): error TS2307: Cannot find module '../../entities/LeaveManagement/LeaveManagementEntity' or its corresponding type declarations.
src/applications/interface/UseCaseInterface/LeaveManagement/IGetTeacherUseCase.ts(1,39): error TS2307: Cannot find module '../../entities/LeaveManagement/LeaveManagementEntity' or its corresponding type declarations.
src/applications/interface/UseCaseInterface/LeaveManagement/IUpdateLeaveStatusUseCase.ts(1,39): error TS2307: Cannot find module '../../../domain/entities/LeaveManagement/LeaveManagementEntity' or its corresponding type declarations.
src/applications/interface/UseCaseInterface/Parent/IGetParentProfileUseCase.ts(1,34): error TS2307: Cannot find module '../../../applications/dto/Parent/ParentProfileDTO' or its corresponding type declarations.
src/applications/interface/UseCaseInterface/ParentuseCase/IparentGetUseCase.ts(1,35): error TS2307: Cannot find module '../../../applications/dto/ParentResponse' or its corresponding type declarations.
src/applications/interface/UseCaseInterface/StudentCreate/IStudentFindClassBase.ts(1,26): error TS2307: Cannot find module '../../entities/Students' or its corresponding type declarations.
src/applications/interface/UseCaseInterface/StudentCreate/IStudentProfile.ts(1,26): error TS2307: Cannot find module '../../entities/Students' or its corresponding type declarations.
src/applications/interface/UseCaseInterface/StudentLeave/IApplyStudentLeaveUseCase.ts(1,38): error TS2307: Cannot find module '../../../applications/dto/StudentLeave/ApplyStudentLeaveDTO' or its corresponding type declarations.
src/applications/interface/UseCaseInterface/StudentLeave/IApplyStudentLeaveUseCase.ts(2,36): error TS2307: Cannot find module '../../entities/StudentLeave/StudentLeaveEntity' or its corresponding type declarations.
src/applications/interface/UseCaseInterface/StudentLeave/IGetClassStudentLeavesUseCase.ts(1,36): error TS2307: Cannot find module '../../entities/StudentLeave/StudentLeaveEntity' or its corresponding type declarations.
src/applications/interface/UseCaseInterface/StudentLeave/IGetStudentLeaveHistoryUseCase.ts(1,36): error TS2307: Cannot find module '../../entities/StudentLeave/StudentLeaveEntity' or its corresponding type declarations.
src/applications/interface/UseCaseInterface/StudentLeave/IProcessStudentLeaveUseCase.ts(1,36): error TS2307: Cannot find module '../../entities/StudentLeave/StudentLeaveEntity' or its corresponding type declarations.
src/applications/interface/UseCaseInterface/Teacher/IGetStudentPerformanceUseCase.ts(1,39): error TS2307: Cannot find module '../../../applications/dto/StudentPerformanceDTO' or its corresponding type declarations.
src/applications/interface/UseCaseInterface/Teacher/IGetTeacherClassDetailsUseCase.ts(1,23): error TS2307: Cannot find module '../../entities/Class' or its corresponding type declarations.
src/applications/interface/UseCaseInterface/Teacher/IGetTeacherClassDetailsUseCase.ts(2,26): error TS2307: Cannot find module '../../entities/Students' or its corresponding type declarations.
src/applications/interface/UseCaseInterface/Teacher/IGetTeacherDashboardUseCase.ts(2,37): error TS2307: Cannot find module '../../../applications/dto/TeacherDashboardDTO' or its corresponding type declarations.
src/applications/useCases/admin/GetAdmin.ts(3,27): error TS2307: Cannot find module '../../../domain/UseCaseInterface/IGetAdmin' or its corresponding type declarations.
